<?xml version="1.0" encoding="UTF-8"?>
<!-- Generated by org.testng.reporters.JUnitXMLReporter -->
<testsuite ignored="0" hostname="Hariom" failures="1" tests="5" name="Default test" time="72.743" errors="0" timestamp="18 Jul 2024 07:44:30 GMT">
  <testcase classname="io.cucumber.testng.AbstractTestNGCucumberTests" name="runScenario" time="12.607"/>
  <testcase classname="io.cucumber.testng.AbstractTestNGCucumberTests" name="runScenario" time="11.799"/>
  <testcase classname="io.cucumber.testng.AbstractTestNGCucumberTests" name="runScenario" time="12.649">
    <failure type="java.lang.NullPointerException" message="Cannot invoke &amp;quot;com.relevantcodes.extentreports.ExtentTest.log(com.relevantcodes.extentreports.LogStatus, String)&amp;quot; because &amp;quot;this.test&amp;quot; is null">
      <![CDATA[java.lang.NullPointerException: Cannot invoke "com.relevantcodes.extentreports.ExtentTest.log(com.relevantcodes.extentreports.LogStatus, String)" because "this.test" is null
	at com.stepdefinition.StepDefinition.for_each_product_page_I_should_be_able_to_add_the_product_to_the_wishlist(StepDefinition.java:200)
	at ✽.for each product page, I should be able to add the product to the wishlist(file:///C:/Users/kumar/Documents/workspace-spring-tool-suite-4-4.21.1.RELEASE/Alphbin_Project_Flipkart/src/test/resources/Flipkart/flipkart.feature:24)
]]>
    </failure>
  </testcase> <!-- runScenario -->
  <testcase classname="io.cucumber.testng.AbstractTestNGCucumberTests" name="runScenario" time="16.628"/>
  <testcase classname="io.cucumber.testng.AbstractTestNGCucumberTests" name="runScenario" time="18.864"/>
</testsuite> <!-- Default test -->
