<?xml version="1.0" encoding="UTF-8"?>
<testng-results ignored="0" total="5" passed="5" failed="0" skipped="0">
  <reporter-output>
  </reporter-output>
  <suite started-at="2024-07-18T11:38:37Z" name="Default suite" finished-at="2024-07-18T11:40:04Z" duration-ms="86265">
    <groups>
      <group name="cucumber">
        <method signature="AbstractTestNGCucumberTests.runScenario(io.cucumber.testng.PickleWrapper, io.cucumber.testng.FeatureWrapper)[pri:0, instance:com.runner.Runner@492691d7]" name="runScenario" class="io.cucumber.testng.AbstractTestNGCucumberTests"/>
      </group> <!-- cucumber -->
    </groups>
    <test started-at="2024-07-18T11:38:37Z" name="Default test" finished-at="2024-07-18T11:40:04Z" duration-ms="86265">
      <class name="com.runner.Runner">
        <test-method is-config="true" signature="setUpClass()[pri:0, instance:com.runner.Runner@492691d7]" started-at="2024-07-18T17:08:37Z" name="setUpClass" finished-at="2024-07-18T17:08:38Z" duration-ms="365" status="PASS">
          <reporter-output>
          </reporter-output>
        </test-method> <!-- setUpClass -->
        <test-method signature="runScenario(io.cucumber.testng.PickleWrapper, io.cucumber.testng.FeatureWrapper)[pri:0, instance:com.runner.Runner@492691d7]" started-at="2024-07-18T17:08:38Z" name="runScenario" description="Runs Cucumber Scenarios" data-provider="scenarios" finished-at="2024-07-18T17:08:54Z" duration-ms="16414" status="PASS">
          <params>
            <param index="0">
              <value>
                <![CDATA["Verify product sorting by price Low to Hig"]]>
              </value>
            </param>
            <param index="1">
              <value>
                <![CDATA["Optional[Flipkart Product Listing and Cart]"]]>
              </value>
            </param>
          </params>
          <reporter-output>
          </reporter-output>
        </test-method> <!-- runScenario -->
        <test-method signature="runScenario(io.cucumber.testng.PickleWrapper, io.cucumber.testng.FeatureWrapper)[pri:0, instance:com.runner.Runner@492691d7]" started-at="2024-07-18T17:08:54Z" name="runScenario" description="Runs Cucumber Scenarios" data-provider="scenarios" finished-at="2024-07-18T17:09:09Z" duration-ms="14710" status="PASS">
          <params>
            <param index="0">
              <value>
                <![CDATA["Add invalid quantity to cart"]]>
              </value>
            </param>
            <param index="1">
              <value>
                <![CDATA["Optional[Flipkart Product Listing and Cart]"]]>
              </value>
            </param>
          </params>
          <reporter-output>
          </reporter-output>
        </test-method> <!-- runScenario -->
        <test-method signature="runScenario(io.cucumber.testng.PickleWrapper, io.cucumber.testng.FeatureWrapper)[pri:0, instance:com.runner.Runner@492691d7]" started-at="2024-07-18T17:09:09Z" name="runScenario" description="Runs Cucumber Scenarios" data-provider="scenarios" finished-at="2024-07-18T17:09:23Z" duration-ms="14329" status="PASS">
          <params>
            <param index="0">
              <value>
                <![CDATA["Iterate through product pages and add to wishlist"]]>
              </value>
            </param>
            <param index="1">
              <value>
                <![CDATA["Optional[Flipkart Product Listing and Cart]"]]>
              </value>
            </param>
          </params>
          <reporter-output>
          </reporter-output>
        </test-method> <!-- runScenario -->
        <test-method signature="runScenario(io.cucumber.testng.PickleWrapper, io.cucumber.testng.FeatureWrapper)[pri:0, instance:com.runner.Runner@492691d7]" started-at="2024-07-18T17:09:23Z" name="runScenario" description="Runs Cucumber Scenarios" data-provider="scenarios" finished-at="2024-07-18T17:09:44Z" duration-ms="20715" status="PASS">
          <params>
            <param index="0">
              <value>
                <![CDATA["Select random color flter from available options"]]>
              </value>
            </param>
            <param index="1">
              <value>
                <![CDATA["Optional[Flipkart Product Listing and Cart]"]]>
              </value>
            </param>
          </params>
          <reporter-output>
          </reporter-output>
        </test-method> <!-- runScenario -->
        <test-method signature="runScenario(io.cucumber.testng.PickleWrapper, io.cucumber.testng.FeatureWrapper)[pri:0, instance:com.runner.Runner@492691d7]" started-at="2024-07-18T17:09:44Z" name="runScenario" description="Runs Cucumber Scenarios" data-provider="scenarios" finished-at="2024-07-18T17:10:03Z" duration-ms="19671" status="PASS">
          <params>
            <param index="0">
              <value>
                <![CDATA["Verify cart items maintain quantity after adding multiples"]]>
              </value>
            </param>
            <param index="1">
              <value>
                <![CDATA["Optional[Flipkart Product Listing and Cart]"]]>
              </value>
            </param>
          </params>
          <reporter-output>
          </reporter-output>
        </test-method> <!-- runScenario -->
        <test-method is-config="true" signature="tearDownClass()[pri:0, instance:com.runner.Runner@492691d7]" started-at="2024-07-18T17:10:03Z" name="tearDownClass" finished-at="2024-07-18T17:10:04Z" duration-ms="28" status="PASS">
          <reporter-output>
          </reporter-output>
        </test-method> <!-- tearDownClass -->
      </class> <!-- com.runner.Runner -->
    </test> <!-- Default test -->
  </suite> <!-- Default suite -->
</testng-results>
