<?xml version="1.0" encoding="UTF-8"?>
<testng-results ignored="0" total="5" passed="4" failed="1" skipped="0">
  <reporter-output>
  </reporter-output>
  <suite started-at="2024-07-18T07:43:18Z" name="Default suite" finished-at="2024-07-18T07:44:30Z" duration-ms="72743">
    <groups>
      <group name="cucumber">
        <method signature="AbstractTestNGCucumberTests.runScenario(io.cucumber.testng.PickleWrapper, io.cucumber.testng.FeatureWrapper)[pri:0, instance:com.runner.Runner@492691d7]" name="runScenario" class="io.cucumber.testng.AbstractTestNGCucumberTests"/>
      </group> <!-- cucumber -->
    </groups>
    <test started-at="2024-07-18T07:43:18Z" name="Default test" finished-at="2024-07-18T07:44:30Z" duration-ms="72743">
      <class name="com.runner.Runner">
        <test-method is-config="true" signature="setUpClass()[pri:0, instance:com.runner.Runner@492691d7]" started-at="2024-07-18T13:13:18Z" name="setUpClass" finished-at="2024-07-18T13:13:18Z" duration-ms="168" status="PASS">
          <reporter-output>
          </reporter-output>
        </test-method> <!-- setUpClass -->
        <test-method signature="runScenario(io.cucumber.testng.PickleWrapper, io.cucumber.testng.FeatureWrapper)[pri:0, instance:com.runner.Runner@492691d7]" started-at="2024-07-18T13:13:18Z" name="runScenario" description="Runs Cucumber Scenarios" data-provider="scenarios" finished-at="2024-07-18T13:13:30Z" duration-ms="12607" status="PASS">
          <params>
            <param index="0">
              <value>
                <![CDATA["Verify product sorting by price Low to Hig"]]>
              </value>
            </param>
            <param index="1">
              <value>
                <![CDATA["Optional[Flipkart Product Listing and Cart]"]]>
              </value>
            </param>
          </params>
          <reporter-output>
          </reporter-output>
        </test-method> <!-- runScenario -->
        <test-method signature="runScenario(io.cucumber.testng.PickleWrapper, io.cucumber.testng.FeatureWrapper)[pri:0, instance:com.runner.Runner@492691d7]" started-at="2024-07-18T13:13:30Z" name="runScenario" description="Runs Cucumber Scenarios" data-provider="scenarios" finished-at="2024-07-18T13:13:42Z" duration-ms="11799" status="PASS">
          <params>
            <param index="0">
              <value>
                <![CDATA["Add invalid quantity to cart"]]>
              </value>
            </param>
            <param index="1">
              <value>
                <![CDATA["Optional[Flipkart Product Listing and Cart]"]]>
              </value>
            </param>
          </params>
          <reporter-output>
          </reporter-output>
        </test-method> <!-- runScenario -->
        <test-method signature="runScenario(io.cucumber.testng.PickleWrapper, io.cucumber.testng.FeatureWrapper)[pri:0, instance:com.runner.Runner@492691d7]" started-at="2024-07-18T13:13:42Z" name="runScenario" description="Runs Cucumber Scenarios" data-provider="scenarios" finished-at="2024-07-18T13:13:55Z" duration-ms="12649" status="FAIL">
          <params>
            <param index="0">
              <value>
                <![CDATA["Iterate through product pages and add to wishlist"]]>
              </value>
            </param>
            <param index="1">
              <value>
                <![CDATA["Optional[Flipkart Product Listing and Cart]"]]>
              </value>
            </param>
          </params>
          <exception class="java.lang.NullPointerException">
            <message>
              <![CDATA[Cannot invoke "com.relevantcodes.extentreports.ExtentTest.log(com.relevantcodes.extentreports.LogStatus, String)" because "this.test" is null]]>
            </message>
            <full-stacktrace>
              <![CDATA[java.lang.NullPointerException: Cannot invoke "com.relevantcodes.extentreports.ExtentTest.log(com.relevantcodes.extentreports.LogStatus, String)" because "this.test" is null
	at com.stepdefinition.StepDefinition.for_each_product_page_I_should_be_able_to_add_the_product_to_the_wishlist(StepDefinition.java:200)
	at ✽.for each product page, I should be able to add the product to the wishlist(file:///C:/Users/kumar/Documents/workspace-spring-tool-suite-4-4.21.1.RELEASE/Alphbin_Project_Flipkart/src/test/resources/Flipkart/flipkart.feature:24)
]]>
            </full-stacktrace>
          </exception> <!-- java.lang.NullPointerException -->
          <reporter-output>
          </reporter-output>
        </test-method> <!-- runScenario -->
        <test-method signature="runScenario(io.cucumber.testng.PickleWrapper, io.cucumber.testng.FeatureWrapper)[pri:0, instance:com.runner.Runner@492691d7]" started-at="2024-07-18T13:13:55Z" name="runScenario" description="Runs Cucumber Scenarios" data-provider="scenarios" finished-at="2024-07-18T13:14:11Z" duration-ms="16628" status="PASS">
          <params>
            <param index="0">
              <value>
                <![CDATA["Select random color flter from available options"]]>
              </value>
            </param>
            <param index="1">
              <value>
                <![CDATA["Optional[Flipkart Product Listing and Cart]"]]>
              </value>
            </param>
          </params>
          <reporter-output>
          </reporter-output>
        </test-method> <!-- runScenario -->
        <test-method signature="runScenario(io.cucumber.testng.PickleWrapper, io.cucumber.testng.FeatureWrapper)[pri:0, instance:com.runner.Runner@492691d7]" started-at="2024-07-18T13:14:11Z" name="runScenario" description="Runs Cucumber Scenarios" data-provider="scenarios" finished-at="2024-07-18T13:14:30Z" duration-ms="18864" status="PASS">
          <params>
            <param index="0">
              <value>
                <![CDATA["Verify cart items maintain quantity after adding multiples"]]>
              </value>
            </param>
            <param index="1">
              <value>
                <![CDATA["Optional[Flipkart Product Listing and Cart]"]]>
              </value>
            </param>
          </params>
          <reporter-output>
          </reporter-output>
        </test-method> <!-- runScenario -->
        <test-method is-config="true" signature="tearDownClass()[pri:0, instance:com.runner.Runner@492691d7]" started-at="2024-07-18T13:14:30Z" name="tearDownClass" finished-at="2024-07-18T13:14:30Z" duration-ms="16" status="PASS">
          <reporter-output>
          </reporter-output>
        </test-method> <!-- tearDownClass -->
      </class> <!-- com.runner.Runner -->
    </test> <!-- Default test -->
  </suite> <!-- Default suite -->
</testng-results>
