<?xml version="1.0" encoding="UTF-8"?>
<!-- Generated by org.testng.reporters.JUnitReportReporter -->
<testsuite hostname="Hariom" failures="0" tests="5" name="com.runner.Runner" time="72.547" errors="1" timestamp="18 Jul 2024 07:44:30 GMT" skipped="0">
  <testcase classname="com.runner.Runner" name="runScenario" time="18.864"/>
  <testcase classname="com.runner.Runner" name="runScenario" time="12.607"/>
  <testcase classname="com.runner.Runner" name="runScenario" time="11.799"/>
  <testcase classname="com.runner.Runner" name="runScenario" time="12.649">
    <error message="Cannot invoke &quot;com.relevantcodes.extentreports.ExtentTest.log(com.relevantcodes.extentreports.LogStatus, String)&quot; because &quot;this.test&quot; is null" type="java.lang.NullPointerException">
      <![CDATA[java.lang.NullPointerException: Cannot invoke "com.relevantcodes.extentreports.ExtentTest.log(com.relevantcodes.extentreports.LogStatus, String)" because "this.test" is null
	at com.stepdefinition.StepDefinition.for_each_product_page_I_should_be_able_to_add_the_product_to_the_wishlist(StepDefinition.java:200)
	at ✽.for each product page, I should be able to add the product to the wishlist(file:///C:/Users/kumar/Documents/workspace-spring-tool-suite-4-4.21.1.RELEASE/Alphbin_Project_Flipkart/src/test/resources/Flipkart/flipkart.feature:24)
]]>
    </error>
  </testcase> <!-- runScenario -->
  <testcase classname="com.runner.Runner" name="runScenario" time="16.628"/>
</testsuite> <!-- com.runner.Runner -->
